2025-06-14T20:42:15.245+08:00  INFO 10736 --- [restartedMain] com.mysbproject.Application              : Starting Application using Java 21.0.7 with PID 10736 (/Users/hyrf/Website/multimodule-mavenproject/app/target/classes started by hyrf in /Users/hyrf/Website/multimodule-mavenproject)
2025-06-14T20:42:15.246+08:00 DEBUG 10736 --- [restartedMain] com.mysbproject.Application              : Running with Spring Boot v3.5.0, Spring v6.2.7
2025-06-14T20:42:15.246+08:00  INFO 10736 --- [restartedMain] com.mysbproject.Application              : The following 1 profile is active: "prod"
2025-06-14T20:42:15.268+08:00  INFO 10736 --- [restartedMain] .e.DevToolsPropertyDefaultsPostProcessor : Devtools property defaults active! Set 'spring.devtools.add-properties' to 'false' to disable
2025-06-14T20:42:15.268+08:00  INFO 10736 --- [restartedMain] .e.DevToolsPropertyDefaultsPostProcessor : For additional web related logging consider setting the 'logging.level.web' property to 'DEBUG'
2025-06-14T20:42:15.585+08:00  INFO 10736 --- [restartedMain] .s.d.r.c.RepositoryConfigurationDelegate : Multiple Spring Data modules found, entering strict repository configuration mode
2025-06-14T20:42:15.585+08:00  INFO 10736 --- [restartedMain] .s.d.r.c.RepositoryConfigurationDelegate : Bootstrapping Spring Data JPA repositories in DEFAULT mode.
2025-06-14T20:42:15.595+08:00  INFO 10736 --- [restartedMain] .s.d.r.c.RepositoryConfigurationDelegate : Finished Spring Data repository scanning in 6 ms. Found 0 JPA repository interfaces.
2025-06-14T20:42:15.604+08:00  INFO 10736 --- [restartedMain] .s.d.r.c.RepositoryConfigurationDelegate : Multiple Spring Data modules found, entering strict repository configuration mode
2025-06-14T20:42:15.604+08:00  INFO 10736 --- [restartedMain] .s.d.r.c.RepositoryConfigurationDelegate : Bootstrapping Spring Data Redis repositories in DEFAULT mode.
2025-06-14T20:42:15.611+08:00  INFO 10736 --- [restartedMain] .s.d.r.c.RepositoryConfigurationDelegate : Finished Spring Data repository scanning in 2 ms. Found 0 Redis repository interfaces.
2025-06-14T20:42:15.915+08:00  INFO 10736 --- [restartedMain] o.s.b.w.embedded.tomcat.TomcatWebServer  : Tomcat initialized with port 8080 (http)
2025-06-14T20:42:15.922+08:00  INFO 10736 --- [restartedMain] o.apache.catalina.core.StandardService   : Starting service [Tomcat]
2025-06-14T20:42:15.922+08:00  INFO 10736 --- [restartedMain] o.apache.catalina.core.StandardEngine    : Starting Servlet engine: [Apache Tomcat/10.1.41]
2025-06-14T20:42:15.945+08:00  INFO 10736 --- [restartedMain] o.a.c.c.C.[Tomcat].[localhost].[/]       : Initializing Spring embedded WebApplicationContext
2025-06-14T20:42:15.946+08:00  INFO 10736 --- [restartedMain] w.s.c.ServletWebServerApplicationContext : Root WebApplicationContext: initialization completed in 678 ms
2025-06-14T20:42:16.043+08:00  INFO 10736 --- [restartedMain] o.hibernate.jpa.internal.util.LogHelper  : HHH000204: Processing PersistenceUnitInfo [name: default]
2025-06-14T20:42:16.067+08:00  INFO 10736 --- [restartedMain] org.hibernate.Version                    : HHH000412: Hibernate ORM core version 6.6.15.Final
2025-06-14T20:42:16.086+08:00  INFO 10736 --- [restartedMain] o.h.c.internal.RegionFactoryInitiator    : HHH000026: Second-level cache disabled
2025-06-14T20:42:16.198+08:00  INFO 10736 --- [restartedMain] o.s.o.j.p.SpringPersistenceUnitInfo      : No LoadTimeWeaver setup: ignoring JPA class transformer
2025-06-14T20:42:16.211+08:00  INFO 10736 --- [restartedMain] com.zaxxer.hikari.HikariDataSource       : HikariPool-1 - Starting...
2025-06-14T20:42:16.371+08:00  INFO 10736 --- [restartedMain] com.zaxxer.hikari.pool.HikariPool        : HikariPool-1 - Added connection com.mysql.cj.jdbc.ConnectionImpl@7941c68e
2025-06-14T20:42:16.372+08:00  INFO 10736 --- [restartedMain] com.zaxxer.hikari.HikariDataSource       : HikariPool-1 - Start completed.
2025-06-14T20:42:16.408+08:00  INFO 10736 --- [restartedMain] org.hibernate.orm.connections.pooling    : HHH10001005: Database info:
	Database JDBC URL [Connecting through datasource 'HikariDataSource (HikariPool-1)']
	Database driver: undefined/unknown
	Database version: 9.3
	Autocommit mode: undefined/unknown
	Isolation level: undefined/unknown
	Minimum pool size: undefined/unknown
	Maximum pool size: undefined/unknown
2025-06-14T20:42:16.784+08:00  INFO 10736 --- [restartedMain] o.h.e.t.j.p.i.JtaPlatformInitiator       : HHH000489: No JTA platform available (set 'hibernate.transaction.jta.platform' to enable JTA platform integration)
2025-06-14T20:42:16.856+08:00  INFO 10736 --- [restartedMain] j.LocalContainerEntityManagerFactoryBean : Initialized JPA EntityManagerFactory for persistence unit 'default'
2025-06-14T20:42:17.058+08:00  WARN 10736 --- [restartedMain] JpaBaseConfiguration$JpaWebConfiguration : spring.jpa.open-in-view is enabled by default. Therefore, database queries may be performed during view rendering. Explicitly configure spring.jpa.open-in-view to disable this warning
2025-06-14T20:42:17.089+08:00  INFO 10736 --- [restartedMain] r$InitializeUserDetailsManagerConfigurer : Global AuthenticationManager configured with UserDetailsService bean with name inMemoryUserDetailsManager
2025-06-14T20:42:17.786+08:00  INFO 10736 --- [restartedMain] o.s.b.d.a.OptionalLiveReloadServer       : LiveReload server is running on port 35729
2025-06-14T20:42:17.803+08:00  INFO 10736 --- [restartedMain] o.s.b.w.embedded.tomcat.TomcatWebServer  : Tomcat started on port 8080 (http) with context path '/'
2025-06-14T20:42:17.809+08:00  INFO 10736 --- [restartedMain] com.mysbproject.Application              : Started Application in 2.761 seconds (process running for 3.035)
2025-06-14T20:44:30.184+08:00  INFO 10736 --- [http-nio-8080-exec-1] o.a.c.c.C.[Tomcat].[localhost].[/]       : Initializing Spring DispatcherServlet 'dispatcherServlet'
2025-06-14T20:44:30.185+08:00  INFO 10736 --- [http-nio-8080-exec-1] o.s.web.servlet.DispatcherServlet        : Initializing Servlet 'dispatcherServlet'
2025-06-14T20:44:30.186+08:00  INFO 10736 --- [http-nio-8080-exec-1] o.s.web.servlet.DispatcherServlet        : Completed initialization in 1 ms
2025-06-14T20:44:35.469+08:00  INFO 10736 --- [http-nio-8080-exec-3] c.mysbproject.service.UserServiceImpl    : Fetching all users from the database.
2025-06-14T20:45:47.269+08:00  INFO 10736 --- [File Watcher] rtingClassPathChangeChangedEventListener : Restarting due to 1 class path change (0 additions, 0 deletions, 1 modification)
2025-06-14T20:45:47.282+08:00  INFO 10736 --- [Thread-5] o.s.b.w.e.tomcat.GracefulShutdown        : Commencing graceful shutdown. Waiting for active requests to complete
2025-06-14T20:45:47.288+08:00  INFO 10736 --- [tomcat-shutdown] o.s.b.w.e.tomcat.GracefulShutdown        : Graceful shutdown complete
2025-06-14T20:45:47.309+08:00  INFO 10736 --- [Thread-5] j.LocalContainerEntityManagerFactoryBean : Closing JPA EntityManagerFactory for persistence unit 'default'
2025-06-14T20:45:47.312+08:00  INFO 10736 --- [Thread-5] com.zaxxer.hikari.HikariDataSource       : HikariPool-1 - Shutdown initiated...
2025-06-14T20:45:47.323+08:00  INFO 10736 --- [Thread-5] com.zaxxer.hikari.HikariDataSource       : HikariPool-1 - Shutdown completed.
2025-06-14T20:45:47.405+08:00  INFO 10736 --- [restartedMain] com.mysbproject.Application              : Starting Application using Java 21.0.7 with PID 10736 (/Users/hyrf/Website/multimodule-mavenproject/app/target/classes started by hyrf in /Users/hyrf/Website/multimodule-mavenproject)
2025-06-14T20:45:47.406+08:00 DEBUG 10736 --- [restartedMain] com.mysbproject.Application              : Running with Spring Boot v3.5.0, Spring v6.2.7
2025-06-14T20:45:47.406+08:00  INFO 10736 --- [restartedMain] com.mysbproject.Application              : The following 1 profile is active: "prod"
2025-06-14T20:45:47.510+08:00  INFO 10736 --- [restartedMain] .s.d.r.c.RepositoryConfigurationDelegate : Multiple Spring Data modules found, entering strict repository configuration mode
2025-06-14T20:45:47.510+08:00  INFO 10736 --- [restartedMain] .s.d.r.c.RepositoryConfigurationDelegate : Bootstrapping Spring Data JPA repositories in DEFAULT mode.
2025-06-14T20:45:47.513+08:00  INFO 10736 --- [restartedMain] .s.d.r.c.RepositoryConfigurationDelegate : Finished Spring Data repository scanning in 2 ms. Found 0 JPA repository interfaces.
2025-06-14T20:45:47.516+08:00  INFO 10736 --- [restartedMain] .s.d.r.c.RepositoryConfigurationDelegate : Multiple Spring Data modules found, entering strict repository configuration mode
2025-06-14T20:45:47.516+08:00  INFO 10736 --- [restartedMain] .s.d.r.c.RepositoryConfigurationDelegate : Bootstrapping Spring Data Redis repositories in DEFAULT mode.
2025-06-14T20:45:47.518+08:00  INFO 10736 --- [restartedMain] .s.d.r.c.RepositoryConfigurationDelegate : Finished Spring Data repository scanning in 2 ms. Found 0 Redis repository interfaces.
2025-06-14T20:45:47.590+08:00  INFO 10736 --- [restartedMain] o.s.b.w.embedded.tomcat.TomcatWebServer  : Tomcat initialized with port 8080 (http)
2025-06-14T20:45:47.591+08:00  INFO 10736 --- [restartedMain] o.apache.catalina.core.StandardService   : Starting service [Tomcat]
2025-06-14T20:45:47.591+08:00  INFO 10736 --- [restartedMain] o.apache.catalina.core.StandardEngine    : Starting Servlet engine: [Apache Tomcat/10.1.41]
2025-06-14T20:45:47.599+08:00  INFO 10736 --- [restartedMain] o.a.c.c.C.[Tomcat].[localhost].[/]       : Initializing Spring embedded WebApplicationContext
2025-06-14T20:45:47.600+08:00  INFO 10736 --- [restartedMain] w.s.c.ServletWebServerApplicationContext : Root WebApplicationContext: initialization completed in 193 ms
2025-06-14T20:45:47.633+08:00  INFO 10736 --- [restartedMain] o.hibernate.jpa.internal.util.LogHelper  : HHH000204: Processing PersistenceUnitInfo [name: default]
2025-06-14T20:45:47.634+08:00  INFO 10736 --- [restartedMain] o.h.c.internal.RegionFactoryInitiator    : HHH000026: Second-level cache disabled
2025-06-14T20:45:47.638+08:00  INFO 10736 --- [restartedMain] o.s.o.j.p.SpringPersistenceUnitInfo      : No LoadTimeWeaver setup: ignoring JPA class transformer
2025-06-14T20:45:47.638+08:00  INFO 10736 --- [restartedMain] com.zaxxer.hikari.HikariDataSource       : HikariPool-2 - Starting...
2025-06-14T20:45:47.647+08:00  INFO 10736 --- [restartedMain] com.zaxxer.hikari.pool.HikariPool        : HikariPool-2 - Added connection com.mysql.cj.jdbc.ConnectionImpl@467c66cf
2025-06-14T20:45:47.647+08:00  INFO 10736 --- [restartedMain] com.zaxxer.hikari.HikariDataSource       : HikariPool-2 - Start completed.
2025-06-14T20:45:47.649+08:00  INFO 10736 --- [restartedMain] org.hibernate.orm.connections.pooling    : HHH10001005: Database info:
	Database JDBC URL [Connecting through datasource 'HikariDataSource (HikariPool-2)']
	Database driver: undefined/unknown
	Database version: 9.3
	Autocommit mode: undefined/unknown
	Isolation level: undefined/unknown
	Minimum pool size: undefined/unknown
	Maximum pool size: undefined/unknown
2025-06-14T20:45:47.686+08:00  INFO 10736 --- [restartedMain] o.h.e.t.j.p.i.JtaPlatformInitiator       : HHH000489: No JTA platform available (set 'hibernate.transaction.jta.platform' to enable JTA platform integration)
2025-06-14T20:45:47.706+08:00  INFO 10736 --- [restartedMain] j.LocalContainerEntityManagerFactoryBean : Initialized JPA EntityManagerFactory for persistence unit 'default'
2025-06-14T20:45:47.737+08:00  WARN 10736 --- [restartedMain] JpaBaseConfiguration$JpaWebConfiguration : spring.jpa.open-in-view is enabled by default. Therefore, database queries may be performed during view rendering. Explicitly configure spring.jpa.open-in-view to disable this warning
2025-06-14T20:45:47.743+08:00  INFO 10736 --- [restartedMain] r$InitializeUserDetailsManagerConfigurer : Global AuthenticationManager configured with UserDetailsService bean with name inMemoryUserDetailsManager
2025-06-14T20:45:47.924+08:00  INFO 10736 --- [restartedMain] o.s.b.d.a.OptionalLiveReloadServer       : LiveReload server is running on port 35729
2025-06-14T20:45:47.929+08:00  INFO 10736 --- [restartedMain] o.s.b.w.embedded.tomcat.TomcatWebServer  : Tomcat started on port 8080 (http) with context path '/'
2025-06-14T20:45:47.931+08:00  INFO 10736 --- [restartedMain] com.mysbproject.Application              : Started Application in 0.548 seconds (process running for 213.158)
2025-06-14T20:45:47.932+08:00  INFO 10736 --- [restartedMain] .ConditionEvaluationDeltaLoggingListener : Condition evaluation unchanged
2025-06-14T20:45:49.711+08:00  INFO 10736 --- [http-nio-8080-exec-1] o.a.c.c.C.[Tomcat].[localhost].[/]       : Initializing Spring DispatcherServlet 'dispatcherServlet'
2025-06-14T20:45:49.711+08:00  INFO 10736 --- [http-nio-8080-exec-1] o.s.web.servlet.DispatcherServlet        : Initializing Servlet 'dispatcherServlet'
2025-06-14T20:45:49.712+08:00  INFO 10736 --- [http-nio-8080-exec-1] o.s.web.servlet.DispatcherServlet        : Completed initialization in 1 ms
2025-06-14T20:45:49.715+08:00  INFO 10736 --- [http-nio-8080-exec-1] c.mysbproject.service.UserServiceImpl    : Home endpoint accessed
2025-06-14T20:46:04.149+08:00  INFO 10736 --- [SpringApplicationShutdownHook] o.s.b.w.e.tomcat.GracefulShutdown        : Commencing graceful shutdown. Waiting for active requests to complete
2025-06-14T20:46:04.153+08:00  INFO 10736 --- [tomcat-shutdown] o.s.b.w.e.tomcat.GracefulShutdown        : Graceful shutdown complete
2025-06-14T20:46:04.163+08:00  INFO 10736 --- [SpringApplicationShutdownHook] j.LocalContainerEntityManagerFactoryBean : Closing JPA EntityManagerFactory for persistence unit 'default'
2025-06-14T20:46:04.164+08:00  INFO 10736 --- [SpringApplicationShutdownHook] com.zaxxer.hikari.HikariDataSource       : HikariPool-2 - Shutdown initiated...
2025-06-14T20:46:04.174+08:00  INFO 10736 --- [SpringApplicationShutdownHook] com.zaxxer.hikari.HikariDataSource       : HikariPool-2 - Shutdown completed.
2025-06-14T21:23:36.773+08:00  INFO 13180 --- [restartedMain] com.mysbproject.Application              : Starting Application using Java 21.0.7 with PID 13180 (/Users/hyrf/Website/multimodule-mavenproject/app/target/classes started by hyrf in /Users/hyrf/Website/multimodule-mavenproject)
2025-06-14T21:23:36.774+08:00 DEBUG 13180 --- [restartedMain] com.mysbproject.Application              : Running with Spring Boot v3.5.0, Spring v6.2.7
2025-06-14T21:23:36.775+08:00  INFO 13180 --- [restartedMain] com.mysbproject.Application              : The following 1 profile is active: "prod"
2025-06-14T21:23:36.801+08:00  INFO 13180 --- [restartedMain] .e.DevToolsPropertyDefaultsPostProcessor : Devtools property defaults active! Set 'spring.devtools.add-properties' to 'false' to disable
2025-06-14T21:23:36.801+08:00  INFO 13180 --- [restartedMain] .e.DevToolsPropertyDefaultsPostProcessor : For additional web related logging consider setting the 'logging.level.web' property to 'DEBUG'
2025-06-14T21:23:37.183+08:00  INFO 13180 --- [restartedMain] .s.d.r.c.RepositoryConfigurationDelegate : Multiple Spring Data modules found, entering strict repository configuration mode
2025-06-14T21:23:37.184+08:00  INFO 13180 --- [restartedMain] .s.d.r.c.RepositoryConfigurationDelegate : Bootstrapping Spring Data JPA repositories in DEFAULT mode.
2025-06-14T21:23:37.196+08:00  INFO 13180 --- [restartedMain] .s.d.r.c.RepositoryConfigurationDelegate : Finished Spring Data repository scanning in 8 ms. Found 0 JPA repository interfaces.
2025-06-14T21:23:37.208+08:00  INFO 13180 --- [restartedMain] .s.d.r.c.RepositoryConfigurationDelegate : Multiple Spring Data modules found, entering strict repository configuration mode
2025-06-14T21:23:37.209+08:00  INFO 13180 --- [restartedMain] .s.d.r.c.RepositoryConfigurationDelegate : Bootstrapping Spring Data Redis repositories in DEFAULT mode.
2025-06-14T21:23:37.217+08:00  INFO 13180 --- [restartedMain] .s.d.r.c.RepositoryConfigurationDelegate : Finished Spring Data repository scanning in 2 ms. Found 0 Redis repository interfaces.
2025-06-14T21:23:37.551+08:00  INFO 13180 --- [restartedMain] o.s.b.w.embedded.tomcat.TomcatWebServer  : Tomcat initialized with port 8080 (http)
2025-06-14T21:23:37.559+08:00  INFO 13180 --- [restartedMain] o.apache.catalina.core.StandardService   : Starting service [Tomcat]
2025-06-14T21:23:37.559+08:00  INFO 13180 --- [restartedMain] o.apache.catalina.core.StandardEngine    : Starting Servlet engine: [Apache Tomcat/10.1.41]
2025-06-14T21:23:37.585+08:00  INFO 13180 --- [restartedMain] o.a.c.c.C.[Tomcat].[localhost].[/]       : Initializing Spring embedded WebApplicationContext
2025-06-14T21:23:37.585+08:00  INFO 13180 --- [restartedMain] w.s.c.ServletWebServerApplicationContext : Root WebApplicationContext: initialization completed in 784 ms
2025-06-14T21:23:37.691+08:00  INFO 13180 --- [restartedMain] o.hibernate.jpa.internal.util.LogHelper  : HHH000204: Processing PersistenceUnitInfo [name: default]
2025-06-14T21:23:37.712+08:00  INFO 13180 --- [restartedMain] org.hibernate.Version                    : HHH000412: Hibernate ORM core version 6.6.15.Final
2025-06-14T21:23:37.727+08:00  INFO 13180 --- [restartedMain] o.h.c.internal.RegionFactoryInitiator    : HHH000026: Second-level cache disabled
2025-06-14T21:23:37.830+08:00  INFO 13180 --- [restartedMain] o.s.o.j.p.SpringPersistenceUnitInfo      : No LoadTimeWeaver setup: ignoring JPA class transformer
2025-06-14T21:23:37.843+08:00  INFO 13180 --- [restartedMain] com.zaxxer.hikari.HikariDataSource       : HikariPool-1 - Starting...
2025-06-14T21:23:38.004+08:00  INFO 13180 --- [restartedMain] com.zaxxer.hikari.pool.HikariPool        : HikariPool-1 - Added connection com.mysql.cj.jdbc.ConnectionImpl@7776a4ae
2025-06-14T21:23:38.005+08:00  INFO 13180 --- [restartedMain] com.zaxxer.hikari.HikariDataSource       : HikariPool-1 - Start completed.
2025-06-14T21:23:38.042+08:00  INFO 13180 --- [restartedMain] org.hibernate.orm.connections.pooling    : HHH10001005: Database info:
	Database JDBC URL [Connecting through datasource 'HikariDataSource (HikariPool-1)']
	Database driver: undefined/unknown
	Database version: 9.3
	Autocommit mode: undefined/unknown
	Isolation level: undefined/unknown
	Minimum pool size: undefined/unknown
	Maximum pool size: undefined/unknown
2025-06-14T21:23:38.409+08:00  INFO 13180 --- [restartedMain] o.h.e.t.j.p.i.JtaPlatformInitiator       : HHH000489: No JTA platform available (set 'hibernate.transaction.jta.platform' to enable JTA platform integration)
2025-06-14T21:23:38.453+08:00  INFO 13180 --- [restartedMain] j.LocalContainerEntityManagerFactoryBean : Initialized JPA EntityManagerFactory for persistence unit 'default'
2025-06-14T21:23:38.651+08:00  WARN 13180 --- [restartedMain] JpaBaseConfiguration$JpaWebConfiguration : spring.jpa.open-in-view is enabled by default. Therefore, database queries may be performed during view rendering. Explicitly configure spring.jpa.open-in-view to disable this warning
2025-06-14T21:23:38.673+08:00  INFO 13180 --- [restartedMain] r$InitializeUserDetailsManagerConfigurer : Global AuthenticationManager configured with UserDetailsService bean with name inMemoryUserDetailsManager
2025-06-14T21:23:39.096+08:00  INFO 13180 --- [restartedMain] o.s.b.d.a.OptionalLiveReloadServer       : LiveReload server is running on port 35729
2025-06-14T21:23:39.115+08:00  INFO 13180 --- [restartedMain] o.s.b.w.embedded.tomcat.TomcatWebServer  : Tomcat started on port 8080 (http) with context path '/'
2025-06-14T21:23:39.123+08:00  INFO 13180 --- [restartedMain] com.mysbproject.Application              : Started Application in 2.547 seconds (process running for 2.769)
2025-06-14T21:24:17.793+08:00  INFO 13180 --- [http-nio-8080-exec-2] o.a.c.c.C.[Tomcat].[localhost].[/]       : Initializing Spring DispatcherServlet 'dispatcherServlet'
2025-06-14T21:24:17.794+08:00  INFO 13180 --- [http-nio-8080-exec-2] o.s.web.servlet.DispatcherServlet        : Initializing Servlet 'dispatcherServlet'
2025-06-14T21:24:17.799+08:00  INFO 13180 --- [http-nio-8080-exec-2] o.s.web.servlet.DispatcherServlet        : Completed initialization in 5 ms
2025-06-14T21:24:47.370+08:00  INFO 13180 --- [SpringApplicationShutdownHook] o.s.b.w.e.tomcat.GracefulShutdown        : Commencing graceful shutdown. Waiting for active requests to complete
2025-06-14T21:24:47.375+08:00  INFO 13180 --- [tomcat-shutdown] o.s.b.w.e.tomcat.GracefulShutdown        : Graceful shutdown complete
2025-06-14T21:24:47.395+08:00  INFO 13180 --- [SpringApplicationShutdownHook] j.LocalContainerEntityManagerFactoryBean : Closing JPA EntityManagerFactory for persistence unit 'default'
2025-06-14T21:24:47.398+08:00  INFO 13180 --- [SpringApplicationShutdownHook] com.zaxxer.hikari.HikariDataSource       : HikariPool-1 - Shutdown initiated...
2025-06-14T21:24:47.406+08:00  INFO 13180 --- [SpringApplicationShutdownHook] com.zaxxer.hikari.HikariDataSource       : HikariPool-1 - Shutdown completed.
